<?xml version="1.0" encoding="UTF-8"?>
<!-- Generated by org.testng.reporters.JUnitXMLReporter -->
<testsuite hostname="DESKTOP-OSG9M88" ignored="0" name="Test" tests="24" failures="4" timestamp="29 Sep 2017 10:30:51 GMT" time="2394.277" errors="0">
  <testcase name="RegTest6" time="84.342" classname="plexus.reg.RegTest_6"/>
  <testcase name="DrawsandGWP1" time="78.664" classname="plexus.reg.DrawsandGWP_1"/>
  <testcase name="RegTest9" time="47.442" classname="plexus.reg.RegTest_9"/>
  <testcase name="DrawsandGWP2" time="63.968" classname="plexus.reg.DrawsandGWP_2"/>
  <testcase name="DrawsandGWP3" time="43.439" classname="plexus.reg.DrawsandGWP_3"/>
  <testcase name="RegTest8" time="37.581" classname="plexus.reg.RegTest_8"/>
  <testcase name="DrawsandGWP4" time="79.266" classname="plexus.reg.DrawsandGWP_4"/>
  <testcase name="RegTest3" time="89.055" classname="plexus.reg.RegTest_3"/>
  <testcase name="RegTest2" time="55.275" classname="plexus.reg.RegTest_2"/>
  <testcase name="DrawsandGWP5" time="17.667" classname="plexus.reg.DrawsandGWP_5">
    <failure type="org.openqa.selenium.WebDriverException" message="unknown error: Element is not clickable at point (258, 207). Other element would receive the click: &amp;lt;div class=&amp;quot;joyride-overlay&amp;quot; style=&amp;quot;cursor:pointer;height:662px;&amp;quot; data-type=&amp;quot;close&amp;quot; data-reactid=&amp;quot;.0.0.0&amp;quot;&amp;gt;...&amp;lt;/div&amp;gt;
  (Session info: chrome=61.0.3163.100)
  (Driver info: chromedriver=2.24.417431 (9aea000394714d2fbb20850021f6204f2256b9cf),platform=Windows NT 10.0.14393 x86_64) (WARNING: The server did not provide any stacktrace information)
Command duration or timeout: 3.46 seconds
Build info: version: &amp;apos;unknown&amp;apos;, revision: &amp;apos;1969d75&amp;apos;, time: &amp;apos;2016-10-18 09:43:45 -0700&amp;apos;
System info: host: &amp;apos;DESKTOP-OSG9M88&amp;apos;, ip: &amp;apos;192.168.140.5&amp;apos;, os.name: &amp;apos;Windows 10&amp;apos;, os.arch: &amp;apos;amd64&amp;apos;, os.version: &amp;apos;10.0&amp;apos;, java.version: &amp;apos;1.8.0_101&amp;apos;
Driver info: org.openqa.selenium.chrome.ChromeDriver
Capabilities [{applicationCacheEnabled=false, rotatable=false, mobileEmulationEnabled=false, networkConnectionEnabled=false, chrome={chromedriverVersion=2.24.417431 (9aea000394714d2fbb20850021f6204f2256b9cf), userDataDir=C:\Users\Mim\AppData\Local\Temp\scoped_dir16152_7959}, takesHeapSnapshot=true, pageLoadStrategy=normal, databaseEnabled=false, handlesAlerts=true, hasTouchScreen=false, version=61.0.3163.100, platform=XP, browserConnectionEnabled=false, nativeEvents=true, acceptSslCerts=true, locationContextEnabled=true, webStorageEnabled=true, browserName=chrome, takesScreenshot=true, javascriptEnabled=true, cssSelectorsEnabled=true}]
Session ID: e076a25024e409051f07c70d1c2f0cc0">
      <![CDATA[org.openqa.selenium.WebDriverException: unknown error: Element is not clickable at point (258, 207). Other element would receive the click: <div class="joyride-overlay" style="cursor:pointer;height:662px;" data-type="close" data-reactid=".0.0.0">...</div>
  (Session info: chrome=61.0.3163.100)
  (Driver info: chromedriver=2.24.417431 (9aea000394714d2fbb20850021f6204f2256b9cf),platform=Windows NT 10.0.14393 x86_64) (WARNING: The server did not provide any stacktrace information)
Command duration or timeout: 3.46 seconds
Build info: version: 'unknown', revision: '1969d75', time: '2016-10-18 09:43:45 -0700'
System info: host: 'DESKTOP-OSG9M88', ip: '192.168.140.5', os.name: 'Windows 10', os.arch: 'amd64', os.version: '10.0', java.version: '1.8.0_101'
Driver info: org.openqa.selenium.chrome.ChromeDriver
Capabilities [{applicationCacheEnabled=false, rotatable=false, mobileEmulationEnabled=false, networkConnectionEnabled=false, chrome={chromedriverVersion=2.24.417431 (9aea000394714d2fbb20850021f6204f2256b9cf), userDataDir=C:\Users\Mim\AppData\Local\Temp\scoped_dir16152_7959}, takesHeapSnapshot=true, pageLoadStrategy=normal, databaseEnabled=false, handlesAlerts=true, hasTouchScreen=false, version=61.0.3163.100, platform=XP, browserConnectionEnabled=false, nativeEvents=true, acceptSslCerts=true, locationContextEnabled=true, webStorageEnabled=true, browserName=chrome, takesScreenshot=true, javascriptEnabled=true, cssSelectorsEnabled=true}]
Session ID: e076a25024e409051f07c70d1c2f0cc0
	at org.openqa.selenium.remote.ErrorHandler.createThrowable(ErrorHandler.java:216)
	at org.openqa.selenium.remote.ErrorHandler.throwIfResponseFailed(ErrorHandler.java:168)
	at org.openqa.selenium.remote.RemoteWebDriver.execute(RemoteWebDriver.java:635)
	at org.openqa.selenium.remote.RemoteWebElement.execute(RemoteWebElement.java:274)
	at org.openqa.selenium.remote.RemoteWebElement.click(RemoteWebElement.java:84)
	at plexus.reg.PlexusSharedFunctions.ClickablebyXpath(PlexusSharedFunctions.java:122)
	at plexus.reg.PlexusSharedFunctions.CheckPromotionForm(PlexusSharedFunctions.java:70)
	at plexus.reg.DrawsandGWP_5.DrawsandGWP5(DrawsandGWP_5.java:14)
... Removed 29 stack frames]]>
    </failure>
  </testcase> <!-- DrawsandGWP5 -->
  <testcase name="RegTest5" time="83.955" classname="plexus.reg.RegTest_5"/>
  <testcase name="RegTest5" time="49.731" classname="plexus.reg.RegTest_5_1"/>
  <testcase name="CreatePrefilledForm" time="53.535" classname="plexus.reg.CreatePrefilledForm_1"/>
  <testcase name="RegTest14" time="56.837" classname="plexus.reg.RegTest_14"/>
  <testcase name="DrawsandGWP3a" time="46.244" classname="plexus.reg.DrawsandGWP_3a"/>
  <testcase name="CreatePreFilledForm" time="89.175" classname="plexus.reg.CreatePreFilledForm_5">
    <failure type="org.openqa.selenium.WebDriverException" message="unknown error: Element is not clickable at point (1182, 79). Other element would receive the click: &amp;lt;div class=&amp;quot;rh-slideover-wrap&amp;quot; style=&amp;quot;background-color:rgba(0, 0, 0, 0.8);top:0;display:block;&amp;quot; data-reactid=&amp;quot;.0.3.1.0.0.0&amp;quot;&amp;gt;...&amp;lt;/div&amp;gt;
  (Session info: chrome=61.0.3163.100)
  (Driver info: chromedriver=2.24.417431 (9aea000394714d2fbb20850021f6204f2256b9cf),platform=Windows NT 10.0.14393 x86_64) (WARNING: The server did not provide any stacktrace information)
Command duration or timeout: 86 milliseconds
Build info: version: &amp;apos;unknown&amp;apos;, revision: &amp;apos;1969d75&amp;apos;, time: &amp;apos;2016-10-18 09:43:45 -0700&amp;apos;
System info: host: &amp;apos;DESKTOP-OSG9M88&amp;apos;, ip: &amp;apos;192.168.140.5&amp;apos;, os.name: &amp;apos;Windows 10&amp;apos;, os.arch: &amp;apos;amd64&amp;apos;, os.version: &amp;apos;10.0&amp;apos;, java.version: &amp;apos;1.8.0_101&amp;apos;
Driver info: org.openqa.selenium.chrome.ChromeDriver
Capabilities [{applicationCacheEnabled=false, rotatable=false, mobileEmulationEnabled=false, networkConnectionEnabled=false, chrome={chromedriverVersion=2.24.417431 (9aea000394714d2fbb20850021f6204f2256b9cf), userDataDir=C:\Users\Mim\AppData\Local\Temp\scoped_dir16300_11754}, takesHeapSnapshot=true, pageLoadStrategy=normal, databaseEnabled=false, handlesAlerts=true, hasTouchScreen=false, version=61.0.3163.100, platform=XP, browserConnectionEnabled=false, nativeEvents=true, acceptSslCerts=true, locationContextEnabled=true, webStorageEnabled=true, browserName=chrome, takesScreenshot=true, javascriptEnabled=true, cssSelectorsEnabled=true}]
Session ID: f9767bbf6bc83a7a3717ee44dfad2bbf">
      <![CDATA[org.openqa.selenium.WebDriverException: unknown error: Element is not clickable at point (1182, 79). Other element would receive the click: <div class="rh-slideover-wrap" style="background-color:rgba(0, 0, 0, 0.8);top:0;display:block;" data-reactid=".0.3.1.0.0.0">...</div>
  (Session info: chrome=61.0.3163.100)
  (Driver info: chromedriver=2.24.417431 (9aea000394714d2fbb20850021f6204f2256b9cf),platform=Windows NT 10.0.14393 x86_64) (WARNING: The server did not provide any stacktrace information)
Command duration or timeout: 86 milliseconds
Build info: version: 'unknown', revision: '1969d75', time: '2016-10-18 09:43:45 -0700'
System info: host: 'DESKTOP-OSG9M88', ip: '192.168.140.5', os.name: 'Windows 10', os.arch: 'amd64', os.version: '10.0', java.version: '1.8.0_101'
Driver info: org.openqa.selenium.chrome.ChromeDriver
Capabilities [{applicationCacheEnabled=false, rotatable=false, mobileEmulationEnabled=false, networkConnectionEnabled=false, chrome={chromedriverVersion=2.24.417431 (9aea000394714d2fbb20850021f6204f2256b9cf), userDataDir=C:\Users\Mim\AppData\Local\Temp\scoped_dir16300_11754}, takesHeapSnapshot=true, pageLoadStrategy=normal, databaseEnabled=false, handlesAlerts=true, hasTouchScreen=false, version=61.0.3163.100, platform=XP, browserConnectionEnabled=false, nativeEvents=true, acceptSslCerts=true, locationContextEnabled=true, webStorageEnabled=true, browserName=chrome, takesScreenshot=true, javascriptEnabled=true, cssSelectorsEnabled=true}]
Session ID: f9767bbf6bc83a7a3717ee44dfad2bbf
	at org.openqa.selenium.remote.ErrorHandler.createThrowable(ErrorHandler.java:216)
	at org.openqa.selenium.remote.ErrorHandler.throwIfResponseFailed(ErrorHandler.java:168)
	at org.openqa.selenium.remote.RemoteWebDriver.execute(RemoteWebDriver.java:635)
	at org.openqa.selenium.remote.RemoteWebElement.execute(RemoteWebElement.java:274)
	at org.openqa.selenium.remote.RemoteWebElement.click(RemoteWebElement.java:84)
	at plexus.reg.PlexusSharedFunctions.ClickablebyXpath(PlexusSharedFunctions.java:122)
	at plexus.reg.CreatePreFilledForm_5.PermitsandPrivacy(CreatePreFilledForm_5.java:186)
	at plexus.reg.CreatePreFilledForm_5.CreatePreFilledForm(CreatePreFilledForm_5.java:23)
... Removed 29 stack frames]]>
    </failure>
  </testcase> <!-- CreatePreFilledForm -->
  <testcase name="CreatePreFilledForm" time="54.13" classname="plexus.reg.CreatePrefilledForm_2">
    <failure type="org.openqa.selenium.WebDriverException" message="unknown error: Element is not clickable at point (1182, 79). Other element would receive the click: &amp;lt;div class=&amp;quot;rh-slideover-wrap&amp;quot; style=&amp;quot;background-color:rgba(0, 0, 0, 0.8);top:0;display:block;&amp;quot; data-reactid=&amp;quot;.0.3.1.0.0.0&amp;quot;&amp;gt;...&amp;lt;/div&amp;gt;
  (Session info: chrome=61.0.3163.100)
  (Driver info: chromedriver=2.24.417431 (9aea000394714d2fbb20850021f6204f2256b9cf),platform=Windows NT 10.0.14393 x86_64) (WARNING: The server did not provide any stacktrace information)
Command duration or timeout: 31 milliseconds
Build info: version: &amp;apos;unknown&amp;apos;, revision: &amp;apos;1969d75&amp;apos;, time: &amp;apos;2016-10-18 09:43:45 -0700&amp;apos;
System info: host: &amp;apos;DESKTOP-OSG9M88&amp;apos;, ip: &amp;apos;192.168.140.5&amp;apos;, os.name: &amp;apos;Windows 10&amp;apos;, os.arch: &amp;apos;amd64&amp;apos;, os.version: &amp;apos;10.0&amp;apos;, java.version: &amp;apos;1.8.0_101&amp;apos;
Driver info: org.openqa.selenium.chrome.ChromeDriver
Capabilities [{applicationCacheEnabled=false, rotatable=false, mobileEmulationEnabled=false, networkConnectionEnabled=false, chrome={chromedriverVersion=2.24.417431 (9aea000394714d2fbb20850021f6204f2256b9cf), userDataDir=C:\Users\Mim\AppData\Local\Temp\scoped_dir7284_3324}, takesHeapSnapshot=true, pageLoadStrategy=normal, databaseEnabled=false, handlesAlerts=true, hasTouchScreen=false, version=61.0.3163.100, platform=XP, browserConnectionEnabled=false, nativeEvents=true, acceptSslCerts=true, locationContextEnabled=true, webStorageEnabled=true, browserName=chrome, takesScreenshot=true, javascriptEnabled=true, cssSelectorsEnabled=true}]
Session ID: d1e616af190799bf0b2a1b8d333b2327">
      <![CDATA[org.openqa.selenium.WebDriverException: unknown error: Element is not clickable at point (1182, 79). Other element would receive the click: <div class="rh-slideover-wrap" style="background-color:rgba(0, 0, 0, 0.8);top:0;display:block;" data-reactid=".0.3.1.0.0.0">...</div>
  (Session info: chrome=61.0.3163.100)
  (Driver info: chromedriver=2.24.417431 (9aea000394714d2fbb20850021f6204f2256b9cf),platform=Windows NT 10.0.14393 x86_64) (WARNING: The server did not provide any stacktrace information)
Command duration or timeout: 31 milliseconds
Build info: version: 'unknown', revision: '1969d75', time: '2016-10-18 09:43:45 -0700'
System info: host: 'DESKTOP-OSG9M88', ip: '192.168.140.5', os.name: 'Windows 10', os.arch: 'amd64', os.version: '10.0', java.version: '1.8.0_101'
Driver info: org.openqa.selenium.chrome.ChromeDriver
Capabilities [{applicationCacheEnabled=false, rotatable=false, mobileEmulationEnabled=false, networkConnectionEnabled=false, chrome={chromedriverVersion=2.24.417431 (9aea000394714d2fbb20850021f6204f2256b9cf), userDataDir=C:\Users\Mim\AppData\Local\Temp\scoped_dir7284_3324}, takesHeapSnapshot=true, pageLoadStrategy=normal, databaseEnabled=false, handlesAlerts=true, hasTouchScreen=false, version=61.0.3163.100, platform=XP, browserConnectionEnabled=false, nativeEvents=true, acceptSslCerts=true, locationContextEnabled=true, webStorageEnabled=true, browserName=chrome, takesScreenshot=true, javascriptEnabled=true, cssSelectorsEnabled=true}]
Session ID: d1e616af190799bf0b2a1b8d333b2327
	at org.openqa.selenium.remote.ErrorHandler.createThrowable(ErrorHandler.java:216)
	at org.openqa.selenium.remote.ErrorHandler.throwIfResponseFailed(ErrorHandler.java:168)
	at org.openqa.selenium.remote.RemoteWebDriver.execute(RemoteWebDriver.java:635)
	at org.openqa.selenium.remote.RemoteWebElement.execute(RemoteWebElement.java:274)
	at org.openqa.selenium.remote.RemoteWebElement.click(RemoteWebElement.java:84)
	at plexus.reg.PlexusSharedFunctions.ClickablebyXpath(PlexusSharedFunctions.java:122)
	at plexus.reg.CreatePrefilledForm_2.HowtoAddPrize(CreatePrefilledForm_2.java:114)
	at plexus.reg.CreatePrefilledForm_2.CreatePreFilledForm(CreatePrefilledForm_2.java:21)
... Removed 29 stack frames]]>
    </failure>
  </testcase> <!-- CreatePreFilledForm -->
  <testcase name="RegTest13" time="67.237" classname="plexus.reg.RegTest_13"/>
  <testcase name="CreatePreFilledForm" time="102.983" classname="plexus.reg.CreatePreFilledForm_3"/>
  <testcase name="CreatePreFilledForm" time="79.241" classname="plexus.reg.CreatePreFilledForm_4"/>
  <testcase name="RegTest15" time="83.413" classname="plexus.reg.RegTest_15">
    <failure type="org.openqa.selenium.NoSuchElementException" message="no such element: Unable to locate element: {&amp;quot;method&amp;quot;:&amp;quot;link text&amp;quot;,&amp;quot;selector&amp;quot;:&amp;quot;Skip&amp;quot;}
  (Session info: chrome=61.0.3163.100)
  (Driver info: chromedriver=2.24.417431 (9aea000394714d2fbb20850021f6204f2256b9cf),platform=Windows NT 10.0.14393 x86_64) (WARNING: The server did not provide any stacktrace information)
Command duration or timeout: 78.49 seconds
For documentation on this error, please visit: http://seleniumhq.org/exceptions/no_such_element.html
Build info: version: &amp;apos;unknown&amp;apos;, revision: &amp;apos;1969d75&amp;apos;, time: &amp;apos;2016-10-18 09:43:45 -0700&amp;apos;
System info: host: &amp;apos;DESKTOP-OSG9M88&amp;apos;, ip: &amp;apos;192.168.140.5&amp;apos;, os.name: &amp;apos;Windows 10&amp;apos;, os.arch: &amp;apos;amd64&amp;apos;, os.version: &amp;apos;10.0&amp;apos;, java.version: &amp;apos;1.8.0_101&amp;apos;
Driver info: org.openqa.selenium.chrome.ChromeDriver
Capabilities [{applicationCacheEnabled=false, rotatable=false, mobileEmulationEnabled=false, networkConnectionEnabled=false, chrome={chromedriverVersion=2.24.417431 (9aea000394714d2fbb20850021f6204f2256b9cf), userDataDir=C:\Users\Mim\AppData\Local\Temp\scoped_dir5568_7181}, takesHeapSnapshot=true, pageLoadStrategy=normal, databaseEnabled=false, handlesAlerts=true, hasTouchScreen=false, version=61.0.3163.100, platform=XP, browserConnectionEnabled=false, nativeEvents=true, acceptSslCerts=true, locationContextEnabled=true, webStorageEnabled=true, browserName=chrome, takesScreenshot=true, javascriptEnabled=true, cssSelectorsEnabled=true}]
Session ID: 3239b15cb7fd512a501a3542547eaac0
*** Element info: {Using=link text, value=Skip}">
      <![CDATA[org.openqa.selenium.NoSuchElementException: no such element: Unable to locate element: {"method":"link text","selector":"Skip"}
  (Session info: chrome=61.0.3163.100)
  (Driver info: chromedriver=2.24.417431 (9aea000394714d2fbb20850021f6204f2256b9cf),platform=Windows NT 10.0.14393 x86_64) (WARNING: The server did not provide any stacktrace information)
Command duration or timeout: 78.49 seconds
For documentation on this error, please visit: http://seleniumhq.org/exceptions/no_such_element.html
Build info: version: 'unknown', revision: '1969d75', time: '2016-10-18 09:43:45 -0700'
System info: host: 'DESKTOP-OSG9M88', ip: '192.168.140.5', os.name: 'Windows 10', os.arch: 'amd64', os.version: '10.0', java.version: '1.8.0_101'
Driver info: org.openqa.selenium.chrome.ChromeDriver
Capabilities [{applicationCacheEnabled=false, rotatable=false, mobileEmulationEnabled=false, networkConnectionEnabled=false, chrome={chromedriverVersion=2.24.417431 (9aea000394714d2fbb20850021f6204f2256b9cf), userDataDir=C:\Users\Mim\AppData\Local\Temp\scoped_dir5568_7181}, takesHeapSnapshot=true, pageLoadStrategy=normal, databaseEnabled=false, handlesAlerts=true, hasTouchScreen=false, version=61.0.3163.100, platform=XP, browserConnectionEnabled=false, nativeEvents=true, acceptSslCerts=true, locationContextEnabled=true, webStorageEnabled=true, browserName=chrome, takesScreenshot=true, javascriptEnabled=true, cssSelectorsEnabled=true}]
Session ID: 3239b15cb7fd512a501a3542547eaac0
*** Element info: {Using=link text, value=Skip}
	at org.openqa.selenium.remote.ErrorHandler.createThrowable(ErrorHandler.java:216)
	at org.openqa.selenium.remote.ErrorHandler.throwIfResponseFailed(ErrorHandler.java:168)
	at org.openqa.selenium.remote.RemoteWebDriver.execute(RemoteWebDriver.java:635)
	at org.openqa.selenium.remote.RemoteWebDriver.findElement(RemoteWebDriver.java:368)
	at org.openqa.selenium.remote.RemoteWebDriver.findElementByLinkText(RemoteWebDriver.java:425)
	at org.openqa.selenium.By$ByLinkText.findElement(By.java:246)
	at org.openqa.selenium.remote.RemoteWebDriver.findElement(RemoteWebDriver.java:360)
	at plexus.reg.PlexusSharedFunctions.Login(PlexusSharedFunctions.java:58)
	at plexus.reg.RegTest_15.RegTest15(RegTest_15.java:13)
... Removed 29 stack frames]]>
    </failure>
  </testcase> <!-- RegTest15 -->
  <testcase name="RegTest10" time="66.165" classname="plexus.reg.RegTest_10"/>
  <testcase name="RegTest12" time="61.535" classname="plexus.reg.RegTest_12"/>
  <testcase name="RegTest11" time="42.98" classname="plexus.reg.RegTest_11"/>
</testsuite> <!-- Test -->
