<?xml version="1.0" encoding="UTF-8"?>
<testng-results skipped="0" failed="0" ignored="0" total="1" passed="1">
  <reporter-output>
  </reporter-output>
  <suite name="Default suite" duration-ms="66637" started-at="2017-09-29T10:40:07Z" finished-at="2017-09-29T10:41:14Z">
    <groups>
    </groups>
    <test name="Default test" duration-ms="66637" started-at="2017-09-29T10:40:07Z" finished-at="2017-09-29T10:41:14Z">
      <class name="plexus.reg.RegTest_15">
        <test-method status="PASS" signature="LaunchBrowser()[pri:0, instance:plexus.reg.RegTest_15@523884b2]" name="LaunchBrowser" is-config="true" duration-ms="23315" started-at="2017-09-29T06:40:07Z" finished-at="2017-09-29T06:40:31Z">
          <reporter-output>
          </reporter-output>
        </test-method> <!-- LaunchBrowser -->
        <test-method status="PASS" signature="RegTest15()[pri:0, instance:plexus.reg.RegTest_15@523884b2]" name="RegTest15" duration-ms="43299" started-at="2017-09-29T06:40:31Z" finished-at="2017-09-29T06:41:14Z">
          <reporter-output>
          </reporter-output>
        </test-method> <!-- RegTest15 -->
      </class> <!-- plexus.reg.RegTest_15 -->
    </test> <!-- Default test -->
  </suite> <!-- Default suite -->
</testng-results>
